# JRE version: Java(TM) SE Runtime Environment (17.0.9+11) (build 17.0.9+11-LTS-201)
# Java VM: Java HotSpot(TM) 64-Bit Server VM (17.0.9+11-LTS-201, mixed mode, sharing, tiered, compressed oops, compressed class ptrs, g1 gc, windows-amd64)
GC Precious Log:
 CPUs: 12 total, 12 available
 Memory: 16068M
 Large Page Support: Disabled
 NUMA Support: Disabled
 Compressed Oops: Enabled (Zero based)
 Heap Region Size: 2M
 Heap Min Capacity: 8M
 Heap Initial Capacity: 252M
 Heap Max Capacity: 4018M
 Pre-touch: Disabled
 Parallel Workers: 10
 Concurrent Workers: 3
 Concurrent Refinement Workers: 10
 Periodic GC: Disabled
Heap:
 garbage-first heap   total 102400K, used 63374K [0x0000000704e00000, 0x0000000800000000)
  region size 2048K, 19 young (38912K), 2 survivors (4096K)
 Metaspace       used 67834K, committed 68288K, reserved 1114112K
  class space    used 8919K, committed 9152K, reserved 1048576K
GC Heap History (20 events):
Event: 3.058 GC heap before
{Heap before GC invocations=2 (full 0):
 garbage-first heap   total 258048K, used 54898K [0x0000000704e00000, 0x0000000800000000)
  region size 2048K, 21 young (43008K), 1 survivors (2048K)
 Metaspace       used 18491K, committed 18688K, reserved 1114112K
  class space    used 2356K, committed 2432K, reserved 1048576K
}
Event: 3.062 GC heap after
{Heap after GC invocations=3 (full 0):
 garbage-first heap   total 258048K, used 17104K [0x0000000704e00000, 0x0000000800000000)
  region size 2048K, 3 young (6144K), 3 survivors (6144K)
 Metaspace       used 18491K, committed 18688K, reserved 1114112K
  class space    used 2356K, committed 2432K, reserved 1048576K
}
Event: 3.216 GC heap before
{Heap before GC invocations=3 (full 0):
 garbage-first heap   total 258048K, used 27344K [0x0000000704e00000, 0x0000000800000000)
  region size 2048K, 9 young (18432K), 3 survivors (6144K)
 Metaspace       used 21223K, committed 21504K, reserved 1114112K
  class space    used 2675K, committed 2816K, reserved 1048576K
}
Event: 3.220 GC heap after
{Heap after GC invocations=4 (full 0):
 garbage-first heap   total 258048K, used 18532K [0x0000000704e00000, 0x0000000800000000)
  region size 2048K, 4 young (8192K), 4 survivors (8192K)
 Metaspace       used 21223K, committed 21504K, reserved 1114112K
  class space    used 2675K, committed 2816K, reserved 1048576K
}
Event: 3.805 GC heap before
{Heap before GC invocations=5 (full 0):
 garbage-first heap   total 75776K, used 55396K [0x0000000704e00000, 0x0000000800000000)
  region size 2048K, 22 young (45056K), 4 survivors (8192K)
 Metaspace       used 29609K, committed 29952K, reserved 1114112K
  class space    used 3707K, committed 3840K, reserved 1048576K
}
Event: 3.812 GC heap after
{Heap after GC invocations=6 (full 0):
 garbage-first heap   total 75776K, used 21857K [0x0000000704e00000, 0x0000000800000000)
  region size 2048K, 3 young (6144K), 3 survivors (6144K)
 Metaspace       used 29609K, committed 29952K, reserved 1114112K
  class space    used 3707K, committed 3840K, reserved 1048576K
}
Event: 3.838 GC heap before
{Heap before GC invocations=6 (full 0):
 garbage-first heap   total 75776K, used 23905K [0x0000000704e00000, 0x0000000800000000)
  region size 2048K, 4 young (8192K), 3 survivors (6144K)
 Metaspace       used 29998K, committed 30336K, reserved 1114112K
  class space    used 3752K, committed 3904K, reserved 1048576K
}
Event: 3.843 GC heap after
{Heap after GC invocations=7 (full 0):
 garbage-first heap   total 75776K, used 22211K [0x0000000704e00000, 0x0000000800000000)
  region size 2048K, 1 young (2048K), 1 survivors (2048K)
 Metaspace       used 29998K, committed 30336K, reserved 1114112K
  class space    used 3752K, committed 3904K, reserved 1048576K
}
Event: 4.321 GC heap before
{Heap before GC invocations=7 (full 0):
 garbage-first heap   total 75776K, used 46787K [0x0000000704e00000, 0x0000000800000000)
  region size 2048K, 13 young (26624K), 1 survivors (2048K)
 Metaspace       used 32268K, committed 32576K, reserved 1114112K
  class space    used 3994K, committed 4160K, reserved 1048576K
}
Event: 4.325 GC heap after
{Heap after GC invocations=8 (full 0):
 garbage-first heap   total 116736K, used 23411K [0x0000000704e00000, 0x0000000800000000)
  region size 2048K, 2 young (4096K), 2 survivors (4096K)
 Metaspace       used 32268K, committed 32576K, reserved 1114112K
  class space    used 3994K, committed 4160K, reserved 1048576K
}
Event: 5.381 GC heap before
{Heap before GC invocations=8 (full 0):
 garbage-first heap   total 116736K, used 58227K [0x0000000704e00000, 0x0000000800000000)
  region size 2048K, 20 young (40960K), 2 survivors (4096K)
 Metaspace       used 35639K, committed 35968K, reserved 1114112K
  class space    used 4497K, committed 4672K, reserved 1048576K
}
Event: 5.391 GC heap after
{Heap after GC invocations=9 (full 0):
 garbage-first heap   total 116736K, used 25799K [0x0000000704e00000, 0x0000000800000000)
  region size 2048K, 3 young (6144K), 3 survivors (6144K)
 Metaspace       used 35639K, committed 35968K, reserved 1114112K
  class space    used 4497K, committed 4672K, reserved 1048576K
}
Event: 8.042 GC heap before
{Heap before GC invocations=10 (full 0):
 garbage-first heap   total 102400K, used 81095K [0x0000000704e00000, 0x0000000800000000)
  region size 2048K, 30 young (61440K), 3 survivors (6144K)
 Metaspace       used 47027K, committed 47360K, reserved 1114112K
  class space    used 5982K, committed 6144K, reserved 1048576K
}
Event: 8.055 GC heap after
{Heap after GC invocations=11 (full 0):
 garbage-first heap   total 102400K, used 30094K [0x0000000704e00000, 0x0000000800000000)
  region size 2048K, 4 young (8192K), 4 survivors (8192K)
 Metaspace       used 47027K, committed 47360K, reserved 1114112K
  class space    used 5982K, committed 6144K, reserved 1048576K
}
Event: 8.124 GC heap before
{Heap before GC invocations=11 (full 0):
 garbage-first heap   total 102400K, used 32142K [0x0000000704e00000, 0x0000000800000000)
  region size 2048K, 5 young (10240K), 4 survivors (8192K)
 Metaspace       used 47555K, committed 47936K, reserved 1114112K
  class space    used 6054K, committed 6208K, reserved 1048576K
}
Event: 8.135 GC heap after
{Heap after GC invocations=12 (full 0):
 garbage-first heap   total 102400K, used 29846K [0x0000000704e00000, 0x0000000800000000)
  region size 2048K, 1 young (2048K), 1 survivors (2048K)
 Metaspace       used 47555K, committed 47936K, reserved 1114112K
  class space    used 6054K, committed 6208K, reserved 1048576K
}
Event: 10.078 GC heap before
{Heap before GC invocations=12 (full 0):
 garbage-first heap   total 102400K, used 74902K [0x0000000704e00000, 0x0000000800000000)
  region size 2048K, 23 young (47104K), 1 survivors (2048K)
 Metaspace       used 57393K, committed 57728K, reserved 1114112K
  class space    used 7708K, committed 7872K, reserved 1048576K
}
Event: 10.082 GC heap after
{Heap after GC invocations=13 (full 0):
 garbage-first heap   total 102400K, used 31848K [0x0000000704e00000, 0x0000000800000000)
  region size 2048K, 2 young (4096K), 2 survivors (4096K)
 Metaspace       used 57393K, committed 57728K, reserved 1114112K
  class space    used 7708K, committed 7872K, reserved 1048576K
}
Event: 11.969 GC heap before
{Heap before GC invocations=13 (full 0):
 garbage-first heap   total 102400K, used 44136K [0x0000000704e00000, 0x0000000800000000)
  region size 2048K, 9 young (18432K), 2 survivors (4096K)
 Metaspace       used 59731K, committed 60096K, reserved 1114112K
  class space    used 8002K, committed 8192K, reserved 1048576K
}
Event: 11.973 GC heap after
{Heap after GC invocations=14 (full 0):
 garbage-first heap   total 102400K, used 32654K [0x0000000704e00000, 0x0000000800000000)
  region size 2048K, 2 young (4096K), 2 survivors (4096K)
 Metaspace       used 59731K, committed 60096K, reserved 1114112K
  class space    used 8002K, committed 8192K, reserved 1048576K
}

