# JRE version: Java(TM) SE Runtime Environment (8.0_261-b12) (build 1.8.0_261-b12)
# Java VM: Java HotSpot(TM) 64-Bit Server VM (25.261-b12 mixed mode windows-amd64 compressed oops)
Heap:
 PSYoungGen      total 75264K, used 31263K [0x000000076c500000, 0x0000000775800000, 0x00000007c0000000)
  eden space 64512K, 31% used [0x000000076c500000,0x000000076d90dba0,0x0000000770400000)
  from space 10752K, 99% used [0x0000000770400000,0x0000000770e7a080,0x0000000770e80000)
  to   space 10752K, 0% used [0x0000000774d80000,0x0000000774d80000,0x0000000775800000)
 ParOldGen       total 172032K, used 7416K [0x00000006c4e00000, 0x00000006cf600000, 0x000000076c500000)
  object space 172032K, 4% used [0x00000006c4e00000,0x00000006c553e2f0,0x00000006cf600000)
 Metaspace       used 17136K, capacity 17540K, committed 17792K, reserved 1064960K
  class space    used 2029K, capacity 2158K, committed 2176K, reserved 1048576K
GC Heap History (6 events):
Event: 1.211 GC heap before
{Heap before GC invocations=1 (full 0):
 PSYoungGen      total 75264K, used 64512K [0x000000076c500000, 0x0000000771900000, 0x00000007c0000000)
  eden space 64512K, 100% used [0x000000076c500000,0x0000000770400000,0x0000000770400000)
  from space 10752K, 0% used [0x0000000770e80000,0x0000000770e80000,0x0000000771900000)
  to   space 10752K, 0% used [0x0000000770400000,0x0000000770400000,0x0000000770e80000)
 ParOldGen       total 172032K, used 0K [0x00000006c4e00000, 0x00000006cf600000, 0x000000076c500000)
  object space 172032K, 0% used [0x00000006c4e00000,0x00000006c4e00000,0x00000006cf600000)
 Metaspace       used 11542K, capacity 11810K, committed 12032K, reserved 1060864K
  class space    used 1402K, capacity 1486K, committed 1536K, reserved 1048576K
Event: 1.220 GC heap after
Heap after GC invocations=1 (full 0):
 PSYoungGen      total 75264K, used 10372K [0x000000076c500000, 0x0000000771900000, 0x00000007c0000000)
  eden space 64512K, 0% used [0x000000076c500000,0x000000076c500000,0x0000000770400000)
  from space 10752K, 96% used [0x0000000770400000,0x0000000770e21218,0x0000000770e80000)
  to   space 10752K, 0% used [0x0000000770e80000,0x0000000770e80000,0x0000000771900000)
 ParOldGen       total 172032K, used 16K [0x00000006c4e00000, 0x00000006cf600000, 0x000000076c500000)
  object space 172032K, 0% used [0x00000006c4e00000,0x00000006c4e04000,0x00000006cf600000)
 Metaspace       used 11542K, capacity 11810K, committed 12032K, reserved 1060864K
  class space    used 1402K, capacity 1486K, committed 1536K, reserved 1048576K
}
Event: 1.900 GC heap before
{Heap before GC invocations=2 (full 0):
 PSYoungGen      total 75264K, used 74884K [0x000000076c500000, 0x0000000771900000, 0x00000007c0000000)
  eden space 64512K, 100% used [0x000000076c500000,0x0000000770400000,0x0000000770400000)
  from space 10752K, 96% used [0x0000000770400000,0x0000000770e21218,0x0000000770e80000)
  to   space 10752K, 0% used [0x0000000770e80000,0x0000000770e80000,0x0000000771900000)
 ParOldGen       total 172032K, used 16K [0x00000006c4e00000, 0x00000006cf600000, 0x000000076c500000)
  object space 172032K, 0% used [0x00000006c4e00000,0x00000006c4e04000,0x00000006cf600000)
 Metaspace       used 15420K, capacity 15784K, committed 16128K, reserved 1062912K
  class space    used 1855K, capacity 1984K, committed 2048K, reserved 1048576K
Event: 1.909 GC heap after
Heap after GC invocations=2 (full 0):
 PSYoungGen      total 75264K, used 10740K [0x000000076c500000, 0x0000000775800000, 0x00000007c0000000)
  eden space 64512K, 0% used [0x000000076c500000,0x000000076c500000,0x0000000770400000)
  from space 10752K, 99% used [0x0000000770e80000,0x00000007718fd368,0x0000000771900000)
  to   space 10752K, 0% used [0x0000000770400000,0x0000000770400000,0x0000000770e80000)
 ParOldGen       total 172032K, used 2279K [0x00000006c4e00000, 0x00000006cf600000, 0x000000076c500000)
  object space 172032K, 1% used [0x00000006c4e00000,0x00000006c5039d28,0x00000006cf600000)
 Metaspace       used 15420K, capacity 15784K, committed 16128K, reserved 1062912K
  class space    used 1855K, capacity 1984K, committed 2048K, reserved 1048576K
}
Event: 2.366 GC heap before
{Heap before GC invocations=3 (full 0):
 PSYoungGen      total 75264K, used 75252K [0x000000076c500000, 0x0000000775800000, 0x00000007c0000000)
  eden space 64512K, 100% used [0x000000076c500000,0x0000000770400000,0x0000000770400000)
  from space 10752K, 99% used [0x0000000770e80000,0x00000007718fd368,0x0000000771900000)
  to   space 10752K, 0% used [0x0000000770400000,0x0000000770400000,0x0000000770e80000)
 ParOldGen       total 172032K, used 2279K [0x00000006c4e00000, 0x00000006cf600000, 0x000000076c500000)
  object space 172032K, 1% used [0x00000006c4e00000,0x00000006c5039d28,0x00000006cf600000)
 Metaspace       used 15940K, capacity 16300K, committed 16384K, reserved 1062912K
  class space    used 1881K, capacity 2022K, committed 2048K, reserved 1048576K
Event: 2.374 GC heap after
Heap after GC invocations=3 (full 0):
 PSYoungGen      total 75264K, used 10728K [0x000000076c500000, 0x0000000775800000, 0x00000007c0000000)
  eden space 64512K, 0% used [0x000000076c500000,0x000000076c500000,0x0000000770400000)
  from space 10752K, 99% used [0x0000000770400000,0x0000000770e7a080,0x0000000770e80000)
  to   space 10752K, 0% used [0x0000000774d80000,0x0000000774d80000,0x0000000775800000)
 ParOldGen       total 172032K, used 7416K [0x00000006c4e00000, 0x00000006cf600000, 0x000000076c500000)
  object space 172032K, 4% used [0x00000006c4e00000,0x00000006c553e2f0,0x00000006cf600000)
 Metaspace       used 15940K, capacity 16300K, committed 16384K, reserved 1062912K
  class space    used 1881K, capacity 2022K, committed 2048K, reserved 1048576K
}

