# JRE version: Java(TM) SE Runtime Environment (8.0_261-b12) (build 1.8.0_261-b12)
# Java VM: Java HotSpot(TM) 64-Bit Server VM (25.261-b12 mixed mode windows-amd64 compressed oops)
Heap:
 PSYoungGen      total 638464K, used 172429K [0x000000076c500000, 0x0000000795f00000, 0x00000007c0000000)
  eden space 613376K, 28% used [0x000000076c500000,0x0000000776d637a0,0x0000000791c00000)
  from space 25088K, 0% used [0x0000000791c00000,0x0000000791c00000,0x0000000793480000)
  to   space 19968K, 0% used [0x0000000793480000,0x0000000793480000,0x0000000794800000)
 ParOldGen       total 166400K, used 41273K [0x00000006c4e00000, 0x00000006cf080000, 0x000000076c500000)
  object space 166400K, 24% used [0x00000006c4e00000,0x00000006c764e530,0x00000006cf080000)
 Metaspace       used 96500K, capacity 103284K, committed 103376K, reserved 1138688K
  class space    used 13491K, capacity 14748K, committed 14800K, reserved 1048576K
GC Heap History (10 events):
Event: 18.182 GC heap before
{Heap before GC invocations=11 (full 2):
 PSYoungGen      total 446976K, used 76142K [0x000000076c500000, 0x000000078a180000, 0x00000007c0000000)
  eden space 433152K, 14% used [0x000000076c500000,0x00000007701dcee8,0x0000000786c00000)
  from space 13824K, 99% used [0x0000000789400000,0x000000078a17eb08,0x000000078a180000)
  to   space 19968K, 0% used [0x0000000787a80000,0x0000000787a80000,0x0000000788e00000)
 ParOldGen       total 98304K, used 23799K [0x00000006c4e00000, 0x00000006cae00000, 0x000000076c500000)
  object space 98304K, 24% used [0x00000006c4e00000,0x00000006c653dfb8,0x00000006cae00000)
 Metaspace       used 57613K, capacity 59996K, committed 60080K, reserved 1101824K
  class space    used 7716K, capacity 8356K, committed 8400K, reserved 1048576K
Event: 18.192 GC heap after
Heap after GC invocations=11 (full 2):
 PSYoungGen      total 467968K, used 13349K [0x000000076c500000, 0x0000000794800000, 0x00000007c0000000)
  eden space 448000K, 0% used [0x000000076c500000,0x000000076c500000,0x0000000787a80000)
  from space 19968K, 66% used [0x0000000787a80000,0x0000000788789528,0x0000000788e00000)
  to   space 19968K, 0% used [0x0000000793480000,0x0000000793480000,0x0000000794800000)
 ParOldGen       total 98304K, used 23807K [0x00000006c4e00000, 0x00000006cae00000, 0x000000076c500000)
  object space 98304K, 24% used [0x00000006c4e00000,0x00000006c653ffb8,0x00000006cae00000)
 Metaspace       used 57613K, capacity 59996K, committed 60080K, reserved 1101824K
  class space    used 7716K, capacity 8356K, committed 8400K, reserved 1048576K
}
Event: 18.192 GC heap before
{Heap before GC invocations=12 (full 3):
 PSYoungGen      total 467968K, used 13349K [0x000000076c500000, 0x0000000794800000, 0x00000007c0000000)
  eden space 448000K, 0% used [0x000000076c500000,0x000000076c500000,0x0000000787a80000)
  from space 19968K, 66% used [0x0000000787a80000,0x0000000788789528,0x0000000788e00000)
  to   space 19968K, 0% used [0x0000000793480000,0x0000000793480000,0x0000000794800000)
 ParOldGen       total 98304K, used 23807K [0x00000006c4e00000, 0x00000006cae00000, 0x000000076c500000)
  object space 98304K, 24% used [0x00000006c4e00000,0x00000006c653ffb8,0x00000006cae00000)
 Metaspace       used 57613K, capacity 59996K, committed 60080K, reserved 1101824K
  class space    used 7716K, capacity 8356K, committed 8400K, reserved 1048576K
Event: 18.328 GC heap after
Heap after GC invocations=12 (full 3):
 PSYoungGen      total 467968K, used 0K [0x000000076c500000, 0x0000000794800000, 0x00000007c0000000)
  eden space 448000K, 0% used [0x000000076c500000,0x000000076c500000,0x0000000787a80000)
  from space 19968K, 0% used [0x0000000787a80000,0x0000000787a80000,0x0000000788e00000)
  to   space 19968K, 0% used [0x0000000793480000,0x0000000793480000,0x0000000794800000)
 ParOldGen       total 125440K, used 24004K [0x00000006c4e00000, 0x00000006cc880000, 0x000000076c500000)
  object space 125440K, 19% used [0x00000006c4e00000,0x00000006c6571380,0x00000006cc880000)
 Metaspace       used 57613K, capacity 59996K, committed 60080K, reserved 1101824K
  class space    used 7716K, capacity 8356K, committed 8400K, reserved 1048576K
}
Event: 25.548 GC heap before
{Heap before GC invocations=13 (full 3):
 PSYoungGen      total 467968K, used 448000K [0x000000076c500000, 0x0000000794800000, 0x00000007c0000000)
  eden space 448000K, 100% used [0x000000076c500000,0x0000000787a80000,0x0000000787a80000)
  from space 19968K, 0% used [0x0000000787a80000,0x0000000787a80000,0x0000000788e00000)
  to   space 19968K, 0% used [0x0000000793480000,0x0000000793480000,0x0000000794800000)
 ParOldGen       total 125440K, used 24004K [0x00000006c4e00000, 0x00000006cc880000, 0x000000076c500000)
  object space 125440K, 19% used [0x00000006c4e00000,0x00000006c6571380,0x00000006cc880000)
 Metaspace       used 84048K, capacity 89214K, committed 89296K, reserved 1126400K
  class space    used 11692K, capacity 12745K, committed 12752K, reserved 1048576K
Event: 25.565 GC heap after
Heap after GC invocations=13 (full 3):
 PSYoungGen      total 633344K, used 19950K [0x000000076c500000, 0x0000000795f00000, 0x00000007c0000000)
  eden space 613376K, 0% used [0x000000076c500000,0x000000076c500000,0x0000000791c00000)
  from space 19968K, 99% used [0x0000000793480000,0x00000007947fb9b8,0x0000000794800000)
  to   space 25088K, 0% used [0x0000000791c00000,0x0000000791c00000,0x0000000793480000)
 ParOldGen       total 125440K, used 31169K [0x00000006c4e00000, 0x00000006cc880000, 0x000000076c500000)
  object space 125440K, 24% used [0x00000006c4e00000,0x00000006c6c70420,0x00000006cc880000)
 Metaspace       used 84048K, capacity 89214K, committed 89296K, reserved 1126400K
  class space    used 11692K, capacity 12745K, committed 12752K, reserved 1048576K
}
Event: 28.066 GC heap before
{Heap before GC invocations=14 (full 3):
 PSYoungGen      total 633344K, used 276040K [0x000000076c500000, 0x0000000795f00000, 0x00000007c0000000)
  eden space 613376K, 41% used [0x000000076c500000,0x000000077bf16920,0x0000000791c00000)
  from space 19968K, 99% used [0x0000000793480000,0x00000007947fb9b8,0x0000000794800000)
  to   space 25088K, 0% used [0x0000000791c00000,0x0000000791c00000,0x0000000793480000)
 ParOldGen       total 125440K, used 31169K [0x00000006c4e00000, 0x00000006cc880000, 0x000000076c500000)
  object space 125440K, 24% used [0x00000006c4e00000,0x00000006c6c70420,0x00000006cc880000)
 Metaspace       used 93537K, capacity 100046K, committed 100136K, reserved 1134592K
  class space    used 13005K, capacity 14259K, committed 14288K, reserved 1048576K
Event: 30.091 GC heap after
Heap after GC invocations=14 (full 3):
 PSYoungGen      total 638464K, used 12295K [0x000000076c500000, 0x0000000795f00000, 0x00000007c0000000)
  eden space 613376K, 0% used [0x000000076c500000,0x000000076c500000,0x0000000791c00000)
  from space 25088K, 49% used [0x0000000791c00000,0x0000000792801ec8,0x0000000793480000)
  to   space 19968K, 0% used [0x0000000793480000,0x0000000793480000,0x0000000794800000)
 ParOldGen       total 125440K, used 39481K [0x00000006c4e00000, 0x00000006cc880000, 0x000000076c500000)
  object space 125440K, 31% used [0x00000006c4e00000,0x00000006c748e538,0x00000006cc880000)
 Metaspace       used 93537K, capacity 100046K, committed 100136K, reserved 1134592K
  class space    used 13005K, capacity 14259K, committed 14288K, reserved 1048576K
}
Event: 30.091 GC heap before
{Heap before GC invocations=15 (full 4):
 PSYoungGen      total 638464K, used 12295K [0x000000076c500000, 0x0000000795f00000, 0x00000007c0000000)
  eden space 613376K, 0% used [0x000000076c500000,0x000000076c500000,0x0000000791c00000)
  from space 25088K, 49% used [0x0000000791c00000,0x0000000792801ec8,0x0000000793480000)
  to   space 19968K, 0% used [0x0000000793480000,0x0000000793480000,0x0000000794800000)
 ParOldGen       total 125440K, used 39481K [0x00000006c4e00000, 0x00000006cc880000, 0x000000076c500000)
  object space 125440K, 31% used [0x00000006c4e00000,0x00000006c748e538,0x00000006cc880000)
 Metaspace       used 93537K, capacity 100046K, committed 100136K, reserved 1134592K
  class space    used 13005K, capacity 14259K, committed 14288K, reserved 1048576K
Event: 30.180 GC heap after
Heap after GC invocations=15 (full 4):
 PSYoungGen      total 638464K, used 0K [0x000000076c500000, 0x0000000795f00000, 0x00000007c0000000)
  eden space 613376K, 0% used [0x000000076c500000,0x000000076c500000,0x0000000791c00000)
  from space 25088K, 0% used [0x0000000791c00000,0x0000000791c00000,0x0000000793480000)
  to   space 19968K, 0% used [0x0000000793480000,0x0000000793480000,0x0000000794800000)
 ParOldGen       total 166400K, used 41273K [0x00000006c4e00000, 0x00000006cf080000, 0x000000076c500000)
  object space 166400K, 24% used [0x00000006c4e00000,0x00000006c764e530,0x00000006cf080000)
 Metaspace       used 93537K, capacity 100046K, committed 100136K, reserved 1134592K
  class space    used 13005K, capacity 14259K, committed 14288K, reserved 1048576K
}

