# JRE version: Java(TM) SE Runtime Environment (8.0_261-b12) (build 1.8.0_261-b12)
# Java VM: Java HotSpot(TM) 64-Bit Server VM (25.261-b12 mixed mode windows-amd64 compressed oops)
Heap:
 PSYoungGen      total 396288K, used 154357K [0x000000076c500000, 0x0000000787480000, 0x00000007c0000000)
  eden space 375296K, 41% used [0x000000076c500000,0x0000000775bbd708,0x0000000783380000)
  from space 20992K, 0% used [0x0000000783380000,0x0000000783380000,0x0000000784800000)
  to   space 17408K, 0% used [0x0000000784800000,0x0000000784800000,0x0000000785900000)
 ParOldGen       total 256000K, used 45583K [0x00000006c4e00000, 0x00000006d4800000, 0x000000076c500000)
  object space 256000K, 17% used [0x00000006c4e00000,0x00000006c7a83d00,0x00000006d4800000)
 Metaspace       used 97016K, capacity 103840K, committed 103936K, reserved 1138688K
  class space    used 13519K, capacity 14792K, committed 14848K, reserved 1048576K
GC Heap History (10 events):
Event: 10.257 GC heap before
{Heap before GC invocations=11 (full 2):
 PSYoungGen      total 291840K, used 122669K [0x000000076c500000, 0x0000000780700000, 0x00000007c0000000)
  eden space 279040K, 39% used [0x000000076c500000,0x0000000773053438,0x000000077d580000)
  from space 12800K, 99% used [0x000000077fa80000,0x00000007806f81d0,0x0000000780700000)
  to   space 15360K, 0% used [0x000000077e900000,0x000000077e900000,0x000000077f800000)
 ParOldGen       total 145920K, used 17794K [0x00000006c4e00000, 0x00000006cdc80000, 0x000000076c500000)
  object space 145920K, 12% used [0x00000006c4e00000,0x00000006c5f60bd8,0x00000006cdc80000)
 Metaspace       used 56105K, capacity 59038K, committed 59096K, reserved 1099776K
  class space    used 7542K, capacity 8265K, committed 8320K, reserved 1048576K
Event: 10.268 GC heap after
Heap after GC invocations=11 (full 2):
 PSYoungGen      total 314368K, used 15357K [0x000000076c500000, 0x0000000785900000, 0x00000007c0000000)
  eden space 299008K, 0% used [0x000000076c500000,0x000000076c500000,0x000000077e900000)
  from space 15360K, 99% used [0x000000077e900000,0x000000077f7ff5a0,0x000000077f800000)
  to   space 17408K, 0% used [0x0000000784800000,0x0000000784800000,0x0000000785900000)
 ParOldGen       total 145920K, used 17981K [0x00000006c4e00000, 0x00000006cdc80000, 0x000000076c500000)
  object space 145920K, 12% used [0x00000006c4e00000,0x00000006c5f8f4b0,0x00000006cdc80000)
 Metaspace       used 56105K, capacity 59038K, committed 59096K, reserved 1099776K
  class space    used 7542K, capacity 8265K, committed 8320K, reserved 1048576K
}
Event: 10.268 GC heap before
{Heap before GC invocations=12 (full 3):
 PSYoungGen      total 314368K, used 15357K [0x000000076c500000, 0x0000000785900000, 0x00000007c0000000)
  eden space 299008K, 0% used [0x000000076c500000,0x000000076c500000,0x000000077e900000)
  from space 15360K, 99% used [0x000000077e900000,0x000000077f7ff5a0,0x000000077f800000)
  to   space 17408K, 0% used [0x0000000784800000,0x0000000784800000,0x0000000785900000)
 ParOldGen       total 145920K, used 17981K [0x00000006c4e00000, 0x00000006cdc80000, 0x000000076c500000)
  object space 145920K, 12% used [0x00000006c4e00000,0x00000006c5f8f4b0,0x00000006cdc80000)
 Metaspace       used 56105K, capacity 59038K, committed 59096K, reserved 1099776K
  class space    used 7542K, capacity 8265K, committed 8320K, reserved 1048576K
Event: 10.387 GC heap after
Heap after GC invocations=12 (full 3):
 PSYoungGen      total 314368K, used 0K [0x000000076c500000, 0x0000000785900000, 0x00000007c0000000)
  eden space 299008K, 0% used [0x000000076c500000,0x000000076c500000,0x000000077e900000)
  from space 15360K, 0% used [0x000000077e900000,0x000000077e900000,0x000000077f800000)
  to   space 17408K, 0% used [0x0000000784800000,0x0000000784800000,0x0000000785900000)
 ParOldGen       total 188416K, used 25953K [0x00000006c4e00000, 0x00000006d0600000, 0x000000076c500000)
  object space 188416K, 13% used [0x00000006c4e00000,0x00000006c67585f0,0x00000006d0600000)
 Metaspace       used 56105K, capacity 59038K, committed 59096K, reserved 1099776K
  class space    used 7542K, capacity 8265K, committed 8320K, reserved 1048576K
}
Event: 18.822 GC heap before
{Heap before GC invocations=13 (full 3):
 PSYoungGen      total 314368K, used 299008K [0x000000076c500000, 0x0000000785900000, 0x00000007c0000000)
  eden space 299008K, 100% used [0x000000076c500000,0x000000077e900000,0x000000077e900000)
  from space 15360K, 0% used [0x000000077e900000,0x000000077e900000,0x000000077f800000)
  to   space 17408K, 0% used [0x0000000784800000,0x0000000784800000,0x0000000785900000)
 ParOldGen       total 188416K, used 25953K [0x00000006c4e00000, 0x00000006d0600000, 0x000000076c500000)
  object space 188416K, 13% used [0x00000006c4e00000,0x00000006c67585f0,0x00000006d0600000)
 Metaspace       used 76745K, capacity 81662K, committed 82048K, reserved 1120256K
  class space    used 10513K, capacity 11529K, committed 11648K, reserved 1048576K
Event: 18.837 GC heap after
Heap after GC invocations=13 (full 3):
 PSYoungGen      total 392704K, used 17380K [0x000000076c500000, 0x0000000787480000, 0x00000007c0000000)
  eden space 375296K, 0% used [0x000000076c500000,0x000000076c500000,0x0000000783380000)
  from space 17408K, 99% used [0x0000000784800000,0x00000007858f9340,0x0000000785900000)
  to   space 20992K, 0% used [0x0000000783380000,0x0000000783380000,0x0000000784800000)
 ParOldGen       total 188416K, used 30440K [0x00000006c4e00000, 0x00000006d0600000, 0x000000076c500000)
  object space 188416K, 16% used [0x00000006c4e00000,0x00000006c6bba2c8,0x00000006d0600000)
 Metaspace       used 76745K, capacity 81662K, committed 82048K, reserved 1120256K
  class space    used 10513K, capacity 11529K, committed 11648K, reserved 1048576K
}
Event: 23.433 GC heap before
{Heap before GC invocations=14 (full 3):
 PSYoungGen      total 392704K, used 387903K [0x000000076c500000, 0x0000000787480000, 0x00000007c0000000)
  eden space 375296K, 98% used [0x000000076c500000,0x0000000782ed6998,0x0000000783380000)
  from space 17408K, 99% used [0x0000000784800000,0x00000007858f9340,0x0000000785900000)
  to   space 20992K, 0% used [0x0000000783380000,0x0000000783380000,0x0000000784800000)
 ParOldGen       total 188416K, used 30440K [0x00000006c4e00000, 0x00000006d0600000, 0x000000076c500000)
  object space 188416K, 16% used [0x00000006c4e00000,0x00000006c6bba2c8,0x00000006d0600000)
 Metaspace       used 92143K, capacity 98388K, committed 98496K, reserved 1134592K
  class space    used 12762K, capacity 13940K, committed 13952K, reserved 1048576K
Event: 25.459 GC heap after
Heap after GC invocations=14 (full 3):
 PSYoungGen      total 396288K, used 17798K [0x000000076c500000, 0x0000000787480000, 0x00000007c0000000)
  eden space 375296K, 0% used [0x000000076c500000,0x000000076c500000,0x0000000783380000)
  from space 20992K, 84% used [0x0000000783380000,0x00000007844e1af8,0x0000000784800000)
  to   space 17408K, 0% used [0x0000000784800000,0x0000000784800000,0x0000000785900000)
 ParOldGen       total 188416K, used 38309K [0x00000006c4e00000, 0x00000006d0600000, 0x000000076c500000)
  object space 188416K, 20% used [0x00000006c4e00000,0x00000006c7369660,0x00000006d0600000)
 Metaspace       used 92143K, capacity 98388K, committed 98496K, reserved 1134592K
  class space    used 12762K, capacity 13940K, committed 13952K, reserved 1048576K
}
Event: 25.459 GC heap before
{Heap before GC invocations=15 (full 4):
 PSYoungGen      total 396288K, used 17798K [0x000000076c500000, 0x0000000787480000, 0x00000007c0000000)
  eden space 375296K, 0% used [0x000000076c500000,0x000000076c500000,0x0000000783380000)
  from space 20992K, 84% used [0x0000000783380000,0x00000007844e1af8,0x0000000784800000)
  to   space 17408K, 0% used [0x0000000784800000,0x0000000784800000,0x0000000785900000)
 ParOldGen       total 188416K, used 38309K [0x00000006c4e00000, 0x00000006d0600000, 0x000000076c500000)
  object space 188416K, 20% used [0x00000006c4e00000,0x00000006c7369660,0x00000006d0600000)
 Metaspace       used 92143K, capacity 98388K, committed 98496K, reserved 1134592K
  class space    used 12762K, capacity 13940K, committed 13952K, reserved 1048576K
Event: 26.563 GC heap after
Heap after GC invocations=15 (full 4):
 PSYoungGen      total 396288K, used 0K [0x000000076c500000, 0x0000000787480000, 0x00000007c0000000)
  eden space 375296K, 0% used [0x000000076c500000,0x000000076c500000,0x0000000783380000)
  from space 20992K, 0% used [0x0000000783380000,0x0000000783380000,0x0000000784800000)
  to   space 17408K, 0% used [0x0000000784800000,0x0000000784800000,0x0000000785900000)
 ParOldGen       total 256000K, used 45583K [0x00000006c4e00000, 0x00000006d4800000, 0x000000076c500000)
  object space 256000K, 17% used [0x00000006c4e00000,0x00000006c7a83d00,0x00000006d4800000)
 Metaspace       used 92143K, capacity 98388K, committed 98496K, reserved 1134592K
  class space    used 12762K, capacity 13940K, committed 13952K, reserved 1048576K
}

